<?xml version="1.0" encoding="UTF-8"?>
<!-- Generated by org.testng.reporters.JUnitReportReporter -->
<testsuite hostname="DESKTOP-63OQNSJ" failures="1" tests="11" name="testcases.TC_006_ProductDisplayPageTest" time="8.097" errors="0" timestamp="2023-12-13T14:15:03 IST" skipped="0">
  <testcase classname="testcases.TC_006_ProductDisplayPageTest" name="test_search" time="1.732"/>
  <system-out/>
  <testcase classname="testcases.TC_006_ProductDisplayPageTest" name="test_searchtextheading" time="0.118"/>
  <system-out/>
  <testcase classname="testcases.TC_006_ProductDisplayPageTest" name="test_searchedProductname" time="0.728"/>
  <system-out/>
  <testcase classname="testcases.TC_006_ProductDisplayPageTest" name="test_productDispalayText" time="0.061"/>
  <system-out/>
  <testcase classname="testcases.TC_006_ProductDisplayPageTest" name="test_productbrand" time="0.077"/>
  <system-out/>
  <testcase classname="testcases.TC_006_ProductDisplayPageTest" name="test_productCode" time="0.037"/>
  <system-out/>
  <testcase classname="testcases.TC_006_ProductDisplayPageTest" name="test_producAvail" time="0.043"/>
  <system-out/>
  <testcase classname="testcases.TC_006_ProductDisplayPageTest" name="test_productPrice" time="0.042"/>
  <system-out/>
  <testcase classname="testcases.TC_006_ProductDisplayPageTest" name="test_productQuantity" time="3.072"/>
  <system-out/>
  <testcase classname="testcases.TC_006_ProductDisplayPageTest" name="test_shoppingcartpageheading" time="0.075"/>
  <system-out/>
  <testcase classname="testcases.TC_006_ProductDisplayPageTest" name="getproductQuantity" time="2.112">
    <failure message="expected [4] but found []" type="java.lang.AssertionError">
      <![CDATA[java.lang.AssertionError: expected [4] but found []
at org.testng.Assert.fail(Assert.java:99)
at org.testng.Assert.failNotEquals(Assert.java:1037)
at org.testng.Assert.assertEqualsImpl(Assert.java:140)
at org.testng.Assert.assertEquals(Assert.java:122)
at org.testng.Assert.assertEquals(Assert.java:629)
at org.testng.Assert.assertEquals(Assert.java:639)
at testcases.TC_006_ProductDisplayPageTest.getproductQuantity(TC_006_ProductDisplayPageTest.java:127)
at java.base/jdk.internal.reflect.NativeMethodAccessorImpl.invoke0(Native Method)
at java.base/jdk.internal.reflect.NativeMethodAccessorImpl.invoke(NativeMethodAccessorImpl.java:77)
at java.base/jdk.internal.reflect.DelegatingMethodAccessorImpl.invoke(DelegatingMethodAccessorImpl.java:43)
at java.base/java.lang.reflect.Method.invoke(Method.java:568)
at org.testng.internal.MethodInvocationHelper.invokeMethod(MethodInvocationHelper.java:133)
at org.testng.internal.TestInvoker.invokeMethod(TestInvoker.java:598)
at org.testng.internal.TestInvoker.invokeTestMethod(TestInvoker.java:173)
at org.testng.internal.MethodRunner.runInSequence(MethodRunner.java:46)
at org.testng.internal.TestInvoker$MethodInvocationAgent.invoke(TestInvoker.java:824)
at org.testng.internal.TestInvoker.invokeTestMethods(TestInvoker.java:146)
at org.testng.internal.TestMethodWorker.invokeTestMethods(TestMethodWorker.java:146)
at org.testng.internal.TestMethodWorker.run(TestMethodWorker.java:128)
at java.base/java.util.ArrayList.forEach(ArrayList.java:1511)
at org.testng.TestRunner.privateRun(TestRunner.java:794)
at org.testng.TestRunner.run(TestRunner.java:596)
at org.testng.SuiteRunner.runTest(SuiteRunner.java:377)
at org.testng.SuiteRunner.runSequentially(SuiteRunner.java:371)
at org.testng.SuiteRunner.privateRun(SuiteRunner.java:332)
at org.testng.SuiteRunner.run(SuiteRunner.java:276)
at org.testng.SuiteRunnerWorker.runSuite(SuiteRunnerWorker.java:53)
at org.testng.SuiteRunnerWorker.run(SuiteRunnerWorker.java:96)
at org.testng.TestNG.runSuitesSequentially(TestNG.java:1212)
at org.testng.TestNG.runSuitesLocally(TestNG.java:1134)
at org.testng.TestNG.runSuites(TestNG.java:1063)
at org.testng.TestNG.run(TestNG.java:1031)
at org.testng.remote.AbstractRemoteTestNG.run(AbstractRemoteTestNG.java:115)
at org.testng.remote.RemoteTestNG.initAndRun(RemoteTestNG.java:251)
at org.testng.remote.RemoteTestNG.main(RemoteTestNG.java:77)
]]>
    </failure>
  </testcase> <!-- getproductQuantity -->
  <system-out/>
</testsuite> <!-- testcases.TC_006_ProductDisplayPageTest -->
